/var/spool/slurm/slurmd/job15380/slurm_script: line 14: module: command not found
Defaulting to user installation because normal site-packages is not writeable
Collecting absl-py==2.1.0
  Downloading absl_py-2.1.0-py3-none-any.whl (133 kB)
     ━━━━━━━━━━━━━━━━━━━━━━━━━━━━━━━━━━━━━━━ 133.7/133.7 KB 2.1 MB/s eta 0:00:00
Collecting accelerate==1.6.0
  Downloading accelerate-1.6.0-py3-none-any.whl (354 kB)
     ━━━━━━━━━━━━━━━━━━━━━━━━━━━━━━━━━━━━━━━ 354.7/354.7 KB 7.3 MB/s eta 0:00:00
Collecting aenum==3.1.15
  Downloading aenum-3.1.15-py3-none-any.whl (137 kB)
     ━━━━━━━━━━━━━━━━━━━━━━━━━━━━━━━━━━━━━━━ 137.6/137.6 KB 5.1 MB/s eta 0:00:00
Collecting aiohappyeyeballs==2.4.6
  Downloading aiohappyeyeballs-2.4.6-py3-none-any.whl (14 kB)
Collecting aiohttp==3.11.12
  Downloading aiohttp-3.11.12-cp310-cp310-manylinux_2_17_x86_64.manylinux2014_x86_64.whl (1.6 MB)
     ━━━━━━━━━━━━━━━━━━━━━━━━━━━━━━━━━━━━━━━━ 1.6/1.6 MB 13.1 MB/s eta 0:00:00
Collecting aiohttp-cors==0.7.0
  Downloading aiohttp_cors-0.7.0-py3-none-any.whl (27 kB)
Collecting aiosignal==1.3.2
  Downloading aiosignal-1.3.2-py2.py3-none-any.whl (7.6 kB)
Collecting airportsdata==20241001
  Downloading airportsdata-20241001-py3-none-any.whl (912 kB)
     ━━━━━━━━━━━━━━━━━━━━━━━━━━━━━━━━━━━━━━ 912.7/912.7 KB 14.4 MB/s eta 0:00:00
Collecting annotated-types==0.7.0
  Downloading annotated_types-0.7.0-py3-none-any.whl (13 kB)
Collecting antlr4-python3-runtime==4.13.2
  Downloading antlr4_python3_runtime-4.13.2-py3-none-any.whl (144 kB)
     ━━━━━━━━━━━━━━━━━━━━━━━━━━━━━━━━━━━━━━━ 144.5/144.5 KB 6.2 MB/s eta 0:00:00
Collecting anyio==4.9.0
  Downloading anyio-4.9.0-py3-none-any.whl (100 kB)
     ━━━━━━━━━━━━━━━━━━━━━━━━━━━━━━━━━━━━━━━ 100.9/100.9 KB 4.4 MB/s eta 0:00:00
Collecting astor==0.8.1
  Downloading astor-0.8.1-py2.py3-none-any.whl (27 kB)
Collecting attrs==25.1.0
  Downloading attrs-25.1.0-py3-none-any.whl (63 kB)
     ━━━━━━━━━━━━━━━━━━━━━━━━━━━━━━━━━━━━━━━━ 63.2/63.2 KB 3.3 MB/s eta 0:00:00
Collecting av==14.1.0
  Downloading av-14.1.0-cp310-cp310-manylinux_2_17_x86_64.manylinux2014_x86_64.whl (38.7 MB)
     ━━━━━━━━━━━━━━━━━━━━━━━━━━━━━━━━━━━━━━━━ 38.7/38.7 MB 14.5 MB/s eta 0:00:00
Collecting bitsandbytes==0.45.2
  Downloading bitsandbytes-0.45.2-py3-none-manylinux_2_24_x86_64.whl (69.7 MB)
     ━━━━━━━━━━━━━━━━━━━━━━━━━━━━━━━━━━━━━━━━ 69.7/69.7 MB 10.0 MB/s eta 0:00:00
Collecting black==25.1.0
  Downloading black-25.1.0-cp310-cp310-manylinux_2_17_x86_64.manylinux2014_x86_64.manylinux_2_28_x86_64.whl (1.8 MB)
     ━━━━━━━━━━━━━━━━━━━━━━━━━━━━━━━━━━━━━━━━ 1.8/1.8 MB 14.5 MB/s eta 0:00:00
Collecting blake3==1.0.4
  Downloading blake3-1.0.4-cp310-cp310-manylinux_2_17_x86_64.manylinux2014_x86_64.whl (376 kB)
     ━━━━━━━━━━━━━━━━━━━━━━━━━━━━━━━━━━━━━━━ 376.4/376.4 KB 9.7 MB/s eta 0:00:00
Collecting blis==0.7.11
  Downloading blis-0.7.11-cp310-cp310-manylinux_2_17_x86_64.manylinux2014_x86_64.whl (10.2 MB)
     ━━━━━━━━━━━━━━━━━━━━━━━━━━━━━━━━━━━━━━━━ 10.2/10.2 MB 17.5 MB/s eta 0:00:00
Collecting cachetools==5.5.1
  Downloading cachetools-5.5.1-py3-none-any.whl (9.5 kB)
Collecting catalogue==2.0.10
  Downloading catalogue-2.0.10-py3-none-any.whl (17 kB)
Collecting certifi==2025.4.26
  Downloading certifi-2025.4.26-py3-none-any.whl (159 kB)
     ━━━━━━━━━━━━━━━━━━━━━━━━━━━━━━━━━━━━━━━ 159.6/159.6 KB 6.5 MB/s eta 0:00:00
Collecting chardet==5.2.0
  Downloading chardet-5.2.0-py3-none-any.whl (199 kB)
     ━━━━━━━━━━━━━━━━━━━━━━━━━━━━━━━━━━━━━━ 199.4/199.4 KB 10.0 MB/s eta 0:00:00
Collecting charset-normalizer==3.4.2
  Downloading charset_normalizer-3.4.2-cp310-cp310-manylinux_2_17_x86_64.manylinux2014_x86_64.whl (149 kB)
     ━━━━━━━━━━━━━━━━━━━━━━━━━━━━━━━━━━━━━━━ 149.5/149.5 KB 6.2 MB/s eta 0:00:00
Collecting click==8.1.8
  Downloading click-8.1.8-py3-none-any.whl (98 kB)
     ━━━━━━━━━━━━━━━━━━━━━━━━━━━━━━━━━━━━━━━━ 98.2/98.2 KB 5.0 MB/s eta 0:00:00
Collecting cloudpathlib==0.16.0
  Downloading cloudpathlib-0.16.0-py3-none-any.whl (45 kB)
     ━━━━━━━━━━━━━━━━━━━━━━━━━━━━━━━━━━━━━━━━ 45.0/45.0 KB 2.1 MB/s eta 0:00:00
Collecting cloudpickle==3.1.1
  Downloading cloudpickle-3.1.1-py3-none-any.whl (20 kB)
Collecting colorama==0.4.6
  Downloading colorama-0.4.6-py2.py3-none-any.whl (25 kB)
Collecting colorful==0.5.6
  Downloading colorful-0.5.6-py2.py3-none-any.whl (201 kB)
     ━━━━━━━━━━━━━━━━━━━━━━━━━━━━━━━━━━━━━━━ 201.4/201.4 KB 8.4 MB/s eta 0:00:00
Collecting colorlog==6.9.0
  Downloading colorlog-6.9.0-py3-none-any.whl (11 kB)
Collecting compressed-tensors==0.9.3
  Downloading compressed_tensors-0.9.3-py3-none-any.whl (98 kB)
     ━━━━━━━━━━━━━━━━━━━━━━━━━━━━━━━━━━━━━━━━ 98.4/98.4 KB 6.5 MB/s eta 0:00:00
Collecting confection==0.1.5
  Downloading confection-0.1.5-py3-none-any.whl (35 kB)
Collecting contourpy==1.3.2
  Downloading contourpy-1.3.2-cp310-cp310-manylinux_2_17_x86_64.manylinux2014_x86_64.whl (325 kB)
     ━━━━━━━━━━━━━━━━━━━━━━━━━━━━━━━━━━━━━━ 325.0/325.0 KB 11.3 MB/s eta 0:00:00
Collecting cupy-cuda12x==13.4.1
  Downloading cupy_cuda12x-13.4.1-cp310-cp310-manylinux2014_x86_64.whl (104.6 MB)
     ━━━━━━━━━━━━━━━━━━━━━━━━━━━━━━━━━━━━━━━ 104.6/104.6 MB 9.8 MB/s eta 0:00:00
Collecting cycler==0.12.1
  Downloading cycler-0.12.1-py3-none-any.whl (8.3 kB)
Collecting cymem==2.0.11
  Downloading cymem-2.0.11-cp310-cp310-manylinux_2_17_x86_64.manylinux2014_x86_64.whl (204 kB)
     ━━━━━━━━━━━━━━━━━━━━━━━━━━━━━━━━━━━━━━━ 204.8/204.8 KB 9.9 MB/s eta 0:00:00
Collecting DataProperty==1.1.0
  Downloading DataProperty-1.1.0-py3-none-any.whl (27 kB)
Collecting datasets==3.3.1
  Downloading datasets-3.3.1-py3-none-any.whl (484 kB)
     ━━━━━━━━━━━━━━━━━━━━━━━━━━━━━━━━━━━━━━ 484.9/484.9 KB 14.5 MB/s eta 0:00:00
Collecting deepspeed==0.15.4
  Downloading deepspeed-0.15.4.tar.gz (1.4 MB)
     ━━━━━━━━━━━━━━━━━━━━━━━━━━━━━━━━━━━━━━━━ 1.4/1.4 MB 19.4 MB/s eta 0:00:00
  Preparing metadata (setup.py): started
  Preparing metadata (setup.py): finished with status 'done'
Collecting Deprecated==1.2.18
  Downloading Deprecated-1.2.18-py2.py3-none-any.whl (10.0 kB)
Collecting depyf==0.18.0
  Downloading depyf-0.18.0-py3-none-any.whl (38 kB)
Collecting dill==0.3.8
  Downloading dill-0.3.8-py3-none-any.whl (116 kB)
     ━━━━━━━━━━━━━━━━━━━━━━━━━━━━━━━━━━━━━━━ 116.3/116.3 KB 5.4 MB/s eta 0:00:00
Collecting diskcache==5.6.3
  Downloading diskcache-5.6.3-py3-none-any.whl (45 kB)
     ━━━━━━━━━━━━━━━━━━━━━━━━━━━━━━━━━━━━━━━━ 45.5/45.5 KB 2.1 MB/s eta 0:00:00
Collecting distlib==0.3.9
  Downloading distlib-0.3.9-py2.py3-none-any.whl (468 kB)
     ━━━━━━━━━━━━━━━━━━━━━━━━━━━━━━━━━━━━━━ 469.0/469.0 KB 15.4 MB/s eta 0:00:00
Collecting distro==1.9.0
  Downloading distro-1.9.0-py3-none-any.whl (20 kB)
Collecting dnspython==2.7.0
  Downloading dnspython-2.7.0-py3-none-any.whl (313 kB)
     ━━━━━━━━━━━━━━━━━━━━━━━━━━━━━━━━━━━━━━ 313.6/313.6 KB 11.0 MB/s eta 0:00:00
Collecting docker-pycreds==0.4.0
  Downloading docker_pycreds-0.4.0-py2.py3-none-any.whl (9.0 kB)
Collecting einops==0.8.1
  Downloading einops-0.8.1-py3-none-any.whl (64 kB)
     ━━━━━━━━━━━━━━━━━━━━━━━━━━━━━━━━━━━━━━━━ 64.4/64.4 KB 2.8 MB/s eta 0:00:00
Collecting email_validator==2.2.0
  Downloading email_validator-2.2.0-py3-none-any.whl (33 kB)
Collecting fastapi==0.115.8
  Downloading fastapi-0.115.8-py3-none-any.whl (94 kB)
     ━━━━━━━━━━━━━━━━━━━━━━━━━━━━━━━━━━━━━━━━ 94.8/94.8 KB 4.8 MB/s eta 0:00:00
Collecting fastapi-cli==0.0.7
  Downloading fastapi_cli-0.0.7-py3-none-any.whl (10 kB)
Collecting fastrlock==0.8.3
  Downloading fastrlock-0.8.3-cp310-cp310-manylinux_2_5_x86_64.manylinux1_x86_64.manylinux_2_28_x86_64.whl (53 kB)
     ━━━━━━━━━━━━━━━━━━━━━━━━━━━━━━━━━━━━━━━━ 53.3/53.3 KB 2.4 MB/s eta 0:00:00
Collecting filelock==3.18.0
  Downloading filelock-3.18.0-py3-none-any.whl (16 kB)
Collecting flake8==7.1.2
  Downloading flake8-7.1.2-py2.py3-none-any.whl (57 kB)
     ━━━━━━━━━━━━━━━━━━━━━━━━━━━━━━━━━━━━━━━━ 57.7/57.7 KB 2.5 MB/s eta 0:00:00
Collecting flash_attn==2.7.4.post1
  Downloading flash_attn-2.7.4.post1.tar.gz (6.0 MB)
     ━━━━━━━━━━━━━━━━━━━━━━━━━━━━━━━━━━━━━━━━ 6.0/6.0 MB 19.0 MB/s eta 0:00:00
  Preparing metadata (setup.py): started
  Preparing metadata (setup.py): finished with status 'error'
  error: subprocess-exited-with-error
  
  × python setup.py egg_info did not run successfully.
  │ exit code: 1
  ╰─> [6 lines of output]
      Traceback (most recent call last):
        File "<string>", line 2, in <module>
        File "<pip-setuptools-caller>", line 34, in <module>
        File "/tmp/pip-install-hrawnh8w/flash-attn_9471e3949225449abda2b2cb1cae9a0b/setup.py", line 22, in <module>
          import torch
      ModuleNotFoundError: No module named 'torch'
      [end of output]
  
  note: This error originates from a subprocess, and is likely not a problem with pip.
error: metadata-generation-failed

× Encountered error while generating package metadata.
╰─> See above for output.

note: This is an issue with the package mentioned above, not pip.
hint: See above for details.
slurmstepd: error: *** JOB 15380 ON amhrisvh100c CANCELLED AT 2025-06-03T11:43:33 DUE TO TIME LIMIT ***
